<?xml version="1.0" encoding="UTF-8"?>
<testsuite name="com.epam.time.TimeFrontendApplicationTests" time="0.005" tests="1" errors="1" skipped="0" failures="0">
  <properties>
[...]
</properties>
  <testcase name="initializationError" classname="com.epam.time.TimeFrontendApplicationTests" time="0.005">
    <error message="Unable to find a @SpringBootConfiguration, you need to use @ContextConfiguration or @SpringBootTest(classes=...) with your test" type="java.lang.IllegalStateException"><![CDATA[java.lang.IllegalStateException: Unable to find a @SpringBootConfiguration, you need to use @ContextConfiguration or @SpringBootTest(classes=...) with your test
	at org.springframework.util.Assert.state(Assert.java:70)
	at org.springframework.boot.test.context.SpringBootTestContextBootstrapper.getOrFindConfigurationClasses(SpringBootTestContextBootstrapper.java:202)
	at org.springframework.boot.test.context.SpringBootTestContextBootstrapper.processMergedContextConfiguration(SpringBootTestContextBootstrapper.java:137)
	at org.springframework.test.context.support.AbstractTestContextBootstrapper.buildMergedContextConfiguration(AbstractTestContextBootstrapper.java:409)
	at org.springframework.test.context.support.AbstractTestContextBootstrapper.buildDefaultMergedContextConfiguration(AbstractTestContextBootstrapper.java:323)
	at org.springframework.test.context.support.AbstractTestContextBootstrapper.buildMergedContextConfiguration(AbstractTestContextBootstrapper.java:277)
	at org.springframework.test.context.support.AbstractTestContextBootstrapper.buildTestContext(AbstractTestContextBootstrapper.java:112)
	at org.springframework.boot.test.context.SpringBootTestContextBootstrapper.buildTestContext(SpringBootTestContextBootstrapper.java:82)
	at org.springframework.test.context.TestContextManager.<init>(TestContextManager.java:120)
	at org.springframework.test.context.TestContextManager.<init>(TestContextManager.java:105)
	at org.springframework.test.context.junit4.SpringJUnit4ClassRunner.createTestContextManager(SpringJUnit4ClassRunner.java:152)
	at org.springframework.test.context.junit4.SpringJUnit4ClassRunner.<init>(SpringJUnit4ClassRunner.java:143)
	at org.springframework.test.context.junit4.SpringRunner.<init>(SpringRunner.java:49)
	at sun.reflect.NativeConstructorAccessorImpl.newInstance0(Native Method)
	at sun.reflect.NativeConstructorAccessorImpl.newInstance(NativeConstructorAccessorImpl.java:62)
	at sun.reflect.DelegatingConstructorAccessorImpl.newInstance(DelegatingConstructorAccessorImpl.java:45)
	at java.lang.reflect.Constructor.newInstance(Constructor.java:423)
	at org.junit.internal.builders.AnnotatedBuilder.buildRunner(AnnotatedBuilder.java:104)
	at org.junit.internal.builders.AnnotatedBuilder.runnerForClass(AnnotatedBuilder.java:86)
	at org.junit.runners.model.RunnerBuilder.safeRunnerForClass(RunnerBuilder.java:59)
	at org.junit.internal.builders.AllDefaultPossibilitiesBuilder.runnerForClass(AllDefaultPossibilitiesBuilder.java:26)
	at org.junit.runners.model.RunnerBuilder.safeRunnerForClass(RunnerBuilder.java:59)
	at org.junit.internal.requests.ClassRequest.getRunner(ClassRequest.java:33)
	at org.apache.maven.surefire.junit4.JUnit4Provider.execute(JUnit4Provider.java:283)
	at org.apache.maven.surefire.junit4.JUnit4Provider.executeWithRerun(JUnit4Provider.java:173)
	at org.apache.maven.surefire.junit4.JUnit4Provider.executeTestSet(JUnit4Provider.java:153)
	at org.apache.maven.surefire.junit4.JUnit4Provider.invoke(JUnit4Provider.java:128)
	at org.apache.maven.surefire.booter.ForkedBooter.invokeProviderInSameClassLoader(ForkedBooter.java:203)
	at org.apache.maven.surefire.booter.ForkedBooter.runSuitesInProcess(ForkedBooter.java:155)
	at org.apache.maven.surefire.booter.ForkedBooter.main(ForkedBooter.java:103)
]]></error>
    <system-out><![CDATA[11:58:50.817 [main] DEBUG org.springframework.test.context.junit4.SpringJUnit4ClassRunner - SpringJUnit4ClassRunner constructor called with [class com.epam.time.TimeFrontendApplicationTests]
11:58:50.821 [main] DEBUG org.springframework.test.context.BootstrapUtils - Instantiating CacheAwareContextLoaderDelegate from class [org.springframework.test.context.cache.DefaultCacheAwareContextLoaderDelegate]
11:58:50.828 [main] DEBUG org.springframework.test.context.BootstrapUtils - Instantiating BootstrapContext using constructor [public org.springframework.test.context.support.DefaultBootstrapContext(java.lang.Class,org.springframework.test.context.CacheAwareContextLoaderDelegate)]
11:58:50.840 [main] DEBUG org.springframework.test.context.BootstrapUtils - Instantiating TestContextBootstrapper for test class [com.epam.time.TimeFrontendApplicationTests] from class [org.springframework.boot.test.context.SpringBootTestContextBootstrapper]
11:58:50.850 [main] INFO org.springframework.boot.test.context.SpringBootTestContextBootstrapper - Neither @ContextConfiguration nor @ContextHierarchy found for test class [com.epam.time.TimeFrontendApplicationTests], using SpringBootContextLoader
11:58:50.853 [main] DEBUG org.springframework.test.context.support.AbstractContextLoader - Did not detect default resource location for test class [com.epam.time.TimeFrontendApplicationTests]: class path resource [com/epam/time/TimeFrontendApplicationTests-context.xml] does not exist
11:58:50.853 [main] DEBUG org.springframework.test.context.support.AbstractContextLoader - Did not detect default resource location for test class [com.epam.time.TimeFrontendApplicationTests]: class path resource [com/epam/time/TimeFrontendApplicationTestsContext.groovy] does not exist
11:58:50.853 [main] INFO org.springframework.test.context.support.AbstractContextLoader - Could not detect default resource locations for test class [com.epam.time.TimeFrontendApplicationTests]: no resource found for suffixes {-context.xml, Context.groovy}.
11:58:50.854 [main] INFO org.springframework.test.context.support.AnnotationConfigContextLoaderUtils - Could not detect default configuration classes for test class [com.epam.time.TimeFrontendApplicationTests]: TimeFrontendApplicationTests does not declare any static, non-private, non-final, nested classes annotated with @Configuration.
11:58:50.899 [main] DEBUG org.springframework.test.context.support.ActiveProfilesUtils - Could not find an 'annotation declaring class' for annotation type [org.springframework.test.context.ActiveProfiles] and class [com.epam.time.TimeFrontendApplicationTests]
11:58:50.905 [main] DEBUG org.springframework.core.env.StandardEnvironment - Adding [systemProperties] PropertySource with lowest search precedence
11:58:50.905 [main] DEBUG org.springframework.core.env.StandardEnvironment - Adding [systemEnvironment] PropertySource with lowest search precedence
11:58:50.906 [main] DEBUG org.springframework.core.env.StandardEnvironment - Initialized StandardEnvironment with PropertySources [systemProperties,systemEnvironment]
11:58:50.913 [main] DEBUG org.springframework.core.io.support.PathMatchingResourcePatternResolver - Resolved classpath location [com/epam/time/] to resources [URL [file:/D:/TimePortal/CouponApp/target/test-classes/com/epam/time/]]
11:58:50.913 [main] DEBUG org.springframework.core.io.support.PathMatchingResourcePatternResolver - Looking for matching resources in directory tree [D:\TimePortal\CouponApp\target\test-classes\com\epam\time]
11:58:50.914 [main] DEBUG org.springframework.core.io.support.PathMatchingResourcePatternResolver - Searching directory [D:\TimePortal\CouponApp\target\test-classes\com\epam\time] for files matching pattern [D:/TimePortal/CouponApp/target/test-classes/com/epam/time/*.class]
11:58:50.915 [main] DEBUG org.springframework.core.io.support.PathMatchingResourcePatternResolver - Resolved location pattern [classpath*:com/epam/time/*.class] to resources [file [D:\TimePortal\CouponApp\target\test-classes\com\epam\time\TimeFrontendApplicationTests.class]]
11:58:50.925 [main] DEBUG org.springframework.core.io.support.PathMatchingResourcePatternResolver - Resolved classpath location [com/epam/] to resources [URL [file:/D:/TimePortal/CouponApp/target/test-classes/com/epam/], URL [file:/D:/TimePortal/CouponApp/target/classes/com/epam/]]
11:58:50.925 [main] DEBUG org.springframework.core.io.support.PathMatchingResourcePatternResolver - Looking for matching resources in directory tree [D:\TimePortal\CouponApp\target\test-classes\com\epam]
11:58:50.925 [main] DEBUG org.springframework.core.io.support.PathMatchingResourcePatternResolver - Searching directory [D:\TimePortal\CouponApp\target\test-classes\com\epam] for files matching pattern [D:/TimePortal/CouponApp/target/test-classes/com/epam/*.class]
11:58:50.925 [main] DEBUG org.springframework.core.io.support.PathMatchingResourcePatternResolver - Looking for matching resources in directory tree [D:\TimePortal\CouponApp\target\classes\com\epam]
11:58:50.925 [main] DEBUG org.springframework.core.io.support.PathMatchingResourcePatternResolver - Searching directory [D:\TimePortal\CouponApp\target\classes\com\epam] for files matching pattern [D:/TimePortal/CouponApp/target/classes/com/epam/*.class]
11:58:50.926 [main] DEBUG org.springframework.core.io.support.PathMatchingResourcePatternResolver - Resolved location pattern [classpath*:com/epam/*.class] to resources []
11:58:50.927 [main] DEBUG org.springframework.core.io.support.PathMatchingResourcePatternResolver - Resolved classpath location [com/] to resources [URL [file:/D:/TimePortal/CouponApp/target/test-classes/com/], URL [file:/D:/TimePortal/CouponApp/target/classes/com/], URL [jar:file:/C:/Users/sanjay_raikwar/.m2/repository/com/fasterxml/jackson/core/jackson-databind/2.8.9/jackson-databind-2.8.9.jar!/com/], URL [jar:file:/C:/Users/sanjay_raikwar/.m2/repository/com/fasterxml/jackson/core/jackson-annotations/2.8.0/jackson-annotations-2.8.0.jar!/com/], URL [jar:file:/C:/Users/sanjay_raikwar/.m2/repository/com/fasterxml/jackson/core/jackson-core/2.8.9/jackson-core-2.8.9.jar!/com/], URL [jar:file:/C:/Users/sanjay_raikwar/.m2/repository/com/jayway/jsonpath/json-path/2.2.0/json-path-2.2.0.jar!/com/], URL [jar:file:/C:/Users/sanjay_raikwar/.m2/repository/com/google/guava/guava/18.0/guava-18.0.jar!/com/], URL [jar:file:/C:/Users/sanjay_raikwar/.m2/repository/com/fasterxml/classmate/1.3.3/classmate-1.3.3.jar!/com/], URL [jar:file:/C:/Users/sanjay_raikwar/.m2/repository/com/couchbase/client/java-client/2.3.7/java-client-2.3.7.jar!/com/], URL [jar:file:/C:/Users/sanjay_raikwar/.m2/repository/com/couchbase/client/core-io/1.3.7/core-io-1.3.7.jar!/com/], URL [jar:file:/C:/Users/sanjay_raikwar/.m2/repository/com/netflix/eureka/eureka-client/1.4.12/eureka-client-1.4.12.jar!/com/], URL [jar:file:/C:/Users/sanjay_raikwar/.m2/repository/com/netflix/netflix-commons/netflix-eventbus/0.3.0/netflix-eventbus-0.3.0.jar!/com/], URL [jar:file:/C:/Users/sanjay_raikwar/.m2/repository/com/netflix/netflix-commons/netflix-infix/0.3.0/netflix-infix-0.3.0.jar!/com/], URL [jar:file:/C:/Users/sanjay_raikwar/.m2/repository/com/google/code/gson/gson/2.8.1/gson-2.8.1.jar!/com/], URL [jar:file:/C:/Users/sanjay_raikwar/.m2/repository/com/netflix/archaius/archaius-core/0.7.4/archaius-core-0.7.4.jar!/com/], URL [jar:file:/C:/Users/sanjay_raikwar/.m2/repository/com/netflix/servo/servo-core/0.10.1/servo-core-0.10.1.jar!/com/], URL [jar:file:/C:/Users/sanjay_raikwar/.m2/repository/com/netflix/servo/servo-internal/0.10.1/servo-internal-0.10.1.jar!/com/], URL [jar:file:/C:/Users/sanjay_raikwar/.m2/repository/com/sun/jersey/jersey-core/1.19.1/jersey-core-1.19.1.jar!/com/], URL [jar:file:/C:/Users/sanjay_raikwar/.m2/repository/com/sun/jersey/jersey-client/1.19.1/jersey-client-1.19.1.jar!/com/], URL [jar:file:/C:/Users/sanjay_raikwar/.m2/repository/com/sun/jersey/contribs/jersey-apache-client4/1.19.1/jersey-apache-client4-1.19.1.jar!/com/], URL [jar:file:/C:/Users/sanjay_raikwar/.m2/repository/com/google/inject/guice/4.0/guice-4.0.jar!/com/], URL [jar:file:/C:/Users/sanjay_raikwar/.m2/repository/com/netflix/governator/governator-api/1.12.10/governator-api-1.12.10.jar!/com/], URL [jar:file:/C:/Users/sanjay_raikwar/.m2/repository/com/netflix/eureka/eureka-core/1.4.12/eureka-core-1.4.12.jar!/com/], URL [jar:file:/C:/Users/sanjay_raikwar/.m2/repository/com/netflix/governator/governator/1.12.10/governator-1.12.10.jar!/com/], URL [jar:file:/C:/Users/sanjay_raikwar/.m2/repository/com/netflix/governator/governator-core/1.12.10/governator-core-1.12.10.jar!/com/], URL [jar:file:/C:/Users/sanjay_raikwar/.m2/repository/com/google/inject/extensions/guice-multibindings/4.0/guice-multibindings-4.0.jar!/com/], URL [jar:file:/C:/Users/sanjay_raikwar/.m2/repository/com/google/inject/extensions/guice-grapher/4.0/guice-grapher-4.0.jar!/com/], URL [jar:file:/C:/Users/sanjay_raikwar/.m2/repository/com/google/inject/extensions/guice-assistedinject/4.0/guice-assistedinject-4.0.jar!/com/], URL [jar:file:/C:/Users/sanjay_raikwar/.m2/repository/org/codehaus/woodstox/woodstox-core-asl/4.4.1/woodstox-core-asl-4.4.1.jar!/com/], URL [jar:file:/C:/Users/sanjay_raikwar/.m2/repository/com/netflix/ribbon/ribbon/2.2.0/ribbon-2.2.0.jar!/com/], URL [jar:file:/C:/Users/sanjay_raikwar/.m2/repository/com/netflix/ribbon/ribbon-transport/2.2.0/ribbon-transport-2.2.0.jar!/com/], URL [jar:file:/C:/Users/sanjay_raikwar/.m2/repository/io/reactivex/rxnetty-contexts/0.4.9/rxnetty-contexts-0.4.9.jar!/com/], URL [jar:file:/C:/Users/sanjay_raikwar/.m2/repository/com/netflix/hystrix/hystrix-core/1.5.6/hystrix-core-1.5.6.jar!/com/], URL [jar:file:/C:/Users/sanjay_raikwar/.m2/repository/com/netflix/ribbon/ribbon-core/2.2.0/ribbon-core-2.2.0.jar!/com/], URL [jar:file:/C:/Users/sanjay_raikwar/.m2/repository/com/netflix/ribbon/ribbon-httpclient/2.2.0/ribbon-httpclient-2.2.0.jar!/com/], URL [jar:file:/C:/Users/sanjay_raikwar/.m2/repository/com/netflix/netflix-commons/netflix-commons-util/0.1.1/netflix-commons-util-0.1.1.jar!/com/], URL [jar:file:/C:/Users/sanjay_raikwar/.m2/repository/com/netflix/ribbon/ribbon-loadbalancer/2.2.0/ribbon-loadbalancer-2.2.0.jar!/com/], URL [jar:file:/C:/Users/sanjay_raikwar/.m2/repository/com/netflix/netflix-commons/netflix-statistics/0.1.1/netflix-statistics-0.1.1.jar!/com/], URL [jar:file:/C:/Users/sanjay_raikwar/.m2/repository/com/netflix/ribbon/ribbon-eureka/2.2.0/ribbon-eureka-2.2.0.jar!/com/], URL [jar:file:/C:/Users/sanjay_raikwar/.m2/repository/com/thoughtworks/xstream/xstream/1.4.9/xstream-1.4.9.jar!/com/]]
11:58:50.928 [main] DEBUG org.springframework.core.io.support.PathMatchingResourcePatternResolver - Looking for matching resources in directory tree [D:\TimePortal\CouponApp\target\test-classes\com]
11:58:50.928 [main] DEBUG org.springframework.core.io.support.PathMatchingResourcePatternResolver - Searching directory [D:\TimePortal\CouponApp\target\test-classes\com] for files matching pattern [D:/TimePortal/CouponApp/target/test-classes/com/*.class]
11:58:50.928 [main] DEBUG org.springframework.core.io.support.PathMatchingResourcePatternResolver - Looking for matching resources in directory tree [D:\TimePortal\CouponApp\target\classes\com]
11:58:50.929 [main] DEBUG org.springframework.core.io.support.PathMatchingResourcePatternResolver - Searching directory [D:\TimePortal\CouponApp\target\classes\com] for files matching pattern [D:/TimePortal/CouponApp/target/classes/com/*.class]
11:58:50.929 [main] DEBUG org.springframework.core.io.support.PathMatchingResourcePatternResolver - Looking for matching resources in jar file [file:/C:/Users/sanjay_raikwar/.m2/repository/com/fasterxml/jackson/core/jackson-databind/2.8.9/jackson-databind-2.8.9.jar]
11:58:50.936 [main] DEBUG org.springframework.core.io.support.PathMatchingResourcePatternResolver - Looking for matching resources in jar file [file:/C:/Users/sanjay_raikwar/.m2/repository/com/fasterxml/jackson/core/jackson-annotations/2.8.0/jackson-annotations-2.8.0.jar]
11:58:50.937 [main] DEBUG org.springframework.core.io.support.PathMatchingResourcePatternResolver - Looking for matching resources in jar file [file:/C:/Users/sanjay_raikwar/.m2/repository/com/fasterxml/jackson/core/jackson-core/2.8.9/jackson-core-2.8.9.jar]
11:58:50.940 [main] DEBUG org.springframework.core.io.support.PathMatchingResourcePatternResolver - Looking for matching resources in jar file [file:/C:/Users/sanjay_raikwar/.m2/repository/com/jayway/jsonpath/json-path/2.2.0/json-path-2.2.0.jar]
11:58:50.941 [main] DEBUG org.springframework.core.io.support.PathMatchingResourcePatternResolver - Looking for matching resources in jar file [file:/C:/Users/sanjay_raikwar/.m2/repository/com/google/guava/guava/18.0/guava-18.0.jar]
11:58:50.946 [main] DEBUG org.springframework.core.io.support.PathMatchingResourcePatternResolver - Looking for matching resources in jar file [file:/C:/Users/sanjay_raikwar/.m2/repository/com/fasterxml/classmate/1.3.3/classmate-1.3.3.jar]
11:58:50.946 [main] DEBUG org.springframework.core.io.support.PathMatchingResourcePatternResolver - Looking for matching resources in jar file [file:/C:/Users/sanjay_raikwar/.m2/repository/com/couchbase/client/java-client/2.3.7/java-client-2.3.7.jar]
11:58:50.948 [main] DEBUG org.springframework.core.io.support.PathMatchingResourcePatternResolver - Looking for matching resources in jar file [file:/C:/Users/sanjay_raikwar/.m2/repository/com/couchbase/client/core-io/1.3.7/core-io-1.3.7.jar]
11:58:50.955 [main] DEBUG org.springframework.core.io.support.PathMatchingResourcePatternResolver - Looking for matching resources in jar file [file:/C:/Users/sanjay_raikwar/.m2/repository/com/netflix/eureka/eureka-client/1.4.12/eureka-client-1.4.12.jar]
11:58:50.956 [main] DEBUG org.springframework.core.io.support.PathMatchingResourcePatternResolver - Looking for matching resources in jar file [file:/C:/Users/sanjay_raikwar/.m2/repository/com/netflix/netflix-commons/netflix-eventbus/0.3.0/netflix-eventbus-0.3.0.jar]
11:58:50.956 [main] DEBUG org.springframework.core.io.support.PathMatchingResourcePatternResolver - Looking for matching resources in jar file [file:/C:/Users/sanjay_raikwar/.m2/repository/com/netflix/netflix-commons/netflix-infix/0.3.0/netflix-infix-0.3.0.jar]
11:58:50.957 [main] DEBUG org.springframework.core.io.support.PathMatchingResourcePatternResolver - Looking for matching resources in jar file [file:/C:/Users/sanjay_raikwar/.m2/repository/com/google/code/gson/gson/2.8.1/gson-2.8.1.jar]
11:58:50.957 [main] DEBUG org.springframework.core.io.support.PathMatchingResourcePatternResolver - Looking for matching resources in jar file [file:/C:/Users/sanjay_raikwar/.m2/repository/com/netflix/archaius/archaius-core/0.7.4/archaius-core-0.7.4.jar]
11:58:50.958 [main] DEBUG org.springframework.core.io.support.PathMatchingResourcePatternResolver - Looking for matching resources in jar file [file:/C:/Users/sanjay_raikwar/.m2/repository/com/netflix/servo/servo-core/0.10.1/servo-core-0.10.1.jar]
11:58:50.958 [main] DEBUG org.springframework.core.io.support.PathMatchingResourcePatternResolver - Looking for matching resources in jar file [file:/C:/Users/sanjay_raikwar/.m2/repository/com/netflix/servo/servo-internal/0.10.1/servo-internal-0.10.1.jar]
11:58:50.959 [main] DEBUG org.springframework.core.io.support.PathMatchingResourcePatternResolver - Looking for matching resources in jar file [file:/C:/Users/sanjay_raikwar/.m2/repository/com/sun/jersey/jersey-core/1.19.1/jersey-core-1.19.1.jar]
11:58:50.960 [main] DEBUG org.springframework.core.io.support.PathMatchingResourcePatternResolver - Looking for matching resources in jar file [file:/C:/Users/sanjay_raikwar/.m2/repository/com/sun/jersey/jersey-client/1.19.1/jersey-client-1.19.1.jar]
11:58:50.960 [main] DEBUG org.springframework.core.io.support.PathMatchingResourcePatternResolver - Looking for matching resources in jar file [file:/C:/Users/sanjay_raikwar/.m2/repository/com/sun/jersey/contribs/jersey-apache-client4/1.19.1/jersey-apache-client4-1.19.1.jar]
11:58:50.960 [main] DEBUG org.springframework.core.io.support.PathMatchingResourcePatternResolver - Looking for matching resources in jar file [file:/C:/Users/sanjay_raikwar/.m2/repository/com/google/inject/guice/4.0/guice-4.0.jar]
11:58:50.961 [main] DEBUG org.springframework.core.io.support.PathMatchingResourcePatternResolver - Looking for matching resources in jar file [file:/C:/Users/sanjay_raikwar/.m2/repository/com/netflix/governator/governator-api/1.12.10/governator-api-1.12.10.jar]
11:58:50.962 [main] DEBUG org.springframework.core.io.support.PathMatchingResourcePatternResolver - Looking for matching resources in jar file [file:/C:/Users/sanjay_raikwar/.m2/repository/com/netflix/eureka/eureka-core/1.4.12/eureka-core-1.4.12.jar]
11:58:50.962 [main] DEBUG org.springframework.core.io.support.PathMatchingResourcePatternResolver - Looking for matching resources in jar file [file:/C:/Users/sanjay_raikwar/.m2/repository/com/netflix/governator/governator/1.12.10/governator-1.12.10.jar]
11:58:50.963 [main] DEBUG org.springframework.core.io.support.PathMatchingResourcePatternResolver - Looking for matching resources in jar file [file:/C:/Users/sanjay_raikwar/.m2/repository/com/netflix/governator/governator-core/1.12.10/governator-core-1.12.10.jar]
11:58:50.963 [main] DEBUG org.springframework.core.io.support.PathMatchingResourcePatternResolver - Looking for matching resources in jar file [file:/C:/Users/sanjay_raikwar/.m2/repository/com/google/inject/extensions/guice-multibindings/4.0/guice-multibindings-4.0.jar]
11:58:50.963 [main] DEBUG org.springframework.core.io.support.PathMatchingResourcePatternResolver - Looking for matching resources in jar file [file:/C:/Users/sanjay_raikwar/.m2/repository/com/google/inject/extensions/guice-grapher/4.0/guice-grapher-4.0.jar]
11:58:50.964 [main] DEBUG org.springframework.core.io.support.PathMatchingResourcePatternResolver - Looking for matching resources in jar file [file:/C:/Users/sanjay_raikwar/.m2/repository/com/google/inject/extensions/guice-assistedinject/4.0/guice-assistedinject-4.0.jar]
11:58:50.964 [main] DEBUG org.springframework.core.io.support.PathMatchingResourcePatternResolver - Looking for matching resources in jar file [file:/C:/Users/sanjay_raikwar/.m2/repository/org/codehaus/woodstox/woodstox-core-asl/4.4.1/woodstox-core-asl-4.4.1.jar]
11:58:50.964 [main] DEBUG org.springframework.core.io.support.PathMatchingResourcePatternResolver - Looking for matching resources in jar file [file:/C:/Users/sanjay_raikwar/.m2/repository/com/netflix/ribbon/ribbon/2.2.0/ribbon-2.2.0.jar]
11:58:50.965 [main] DEBUG org.springframework.core.io.support.PathMatchingResourcePatternResolver - Looking for matching resources in jar file [file:/C:/Users/sanjay_raikwar/.m2/repository/com/netflix/ribbon/ribbon-transport/2.2.0/ribbon-transport-2.2.0.jar]
11:58:50.965 [main] DEBUG org.springframework.core.io.support.PathMatchingResourcePatternResolver - Looking for matching resources in jar file [file:/C:/Users/sanjay_raikwar/.m2/repository/io/reactivex/rxnetty-contexts/0.4.9/rxnetty-contexts-0.4.9.jar]
11:58:50.965 [main] DEBUG org.springframework.core.io.support.PathMatchingResourcePatternResolver - Looking for matching resources in jar file [file:/C:/Users/sanjay_raikwar/.m2/repository/com/netflix/hystrix/hystrix-core/1.5.6/hystrix-core-1.5.6.jar]
11:58:50.966 [main] DEBUG org.springframework.core.io.support.PathMatchingResourcePatternResolver - Looking for matching resources in jar file [file:/C:/Users/sanjay_raikwar/.m2/repository/com/netflix/ribbon/ribbon-core/2.2.0/ribbon-core-2.2.0.jar]
11:58:50.967 [main] DEBUG org.springframework.core.io.support.PathMatchingResourcePatternResolver - Looking for matching resources in jar file [file:/C:/Users/sanjay_raikwar/.m2/repository/com/netflix/ribbon/ribbon-httpclient/2.2.0/ribbon-httpclient-2.2.0.jar]
11:58:50.967 [main] DEBUG org.springframework.core.io.support.PathMatchingResourcePatternResolver - Looking for matching resources in jar file [file:/C:/Users/sanjay_raikwar/.m2/repository/com/netflix/netflix-commons/netflix-commons-util/0.1.1/netflix-commons-util-0.1.1.jar]
11:58:50.967 [main] DEBUG org.springframework.core.io.support.PathMatchingResourcePatternResolver - Looking for matching resources in jar file [file:/C:/Users/sanjay_raikwar/.m2/repository/com/netflix/ribbon/ribbon-loadbalancer/2.2.0/ribbon-loadbalancer-2.2.0.jar]
11:58:50.968 [main] DEBUG org.springframework.core.io.support.PathMatchingResourcePatternResolver - Looking for matching resources in jar file [file:/C:/Users/sanjay_raikwar/.m2/repository/com/netflix/netflix-commons/netflix-statistics/0.1.1/netflix-statistics-0.1.1.jar]
11:58:50.968 [main] DEBUG org.springframework.core.io.support.PathMatchingResourcePatternResolver - Looking for matching resources in jar file [file:/C:/Users/sanjay_raikwar/.m2/repository/com/netflix/ribbon/ribbon-eureka/2.2.0/ribbon-eureka-2.2.0.jar]
11:58:50.968 [main] DEBUG org.springframework.core.io.support.PathMatchingResourcePatternResolver - Looking for matching resources in jar file [file:/C:/Users/sanjay_raikwar/.m2/repository/com/thoughtworks/xstream/xstream/1.4.9/xstream-1.4.9.jar]
11:58:50.969 [main] DEBUG org.springframework.core.io.support.PathMatchingResourcePatternResolver - Resolved location pattern [classpath*:com/*.class] to resources []
11:58:50.972 [main] DEBUG org.springframework.test.context.junit4.SpringJUnit4ClassRunner - SpringJUnit4ClassRunner constructor called with [class com.epam.time.TimeFrontendApplicationTests]
11:58:50.973 [main] DEBUG org.springframework.test.context.BootstrapUtils - Instantiating CacheAwareContextLoaderDelegate from class [org.springframework.test.context.cache.DefaultCacheAwareContextLoaderDelegate]
11:58:50.973 [main] DEBUG org.springframework.test.context.BootstrapUtils - Instantiating BootstrapContext using constructor [public org.springframework.test.context.support.DefaultBootstrapContext(java.lang.Class,org.springframework.test.context.CacheAwareContextLoaderDelegate)]
11:58:50.974 [main] DEBUG org.springframework.test.context.BootstrapUtils - Instantiating TestContextBootstrapper for test class [com.epam.time.TimeFrontendApplicationTests] from class [org.springframework.boot.test.context.SpringBootTestContextBootstrapper]
11:58:50.974 [main] INFO org.springframework.boot.test.context.SpringBootTestContextBootstrapper - Neither @ContextConfiguration nor @ContextHierarchy found for test class [com.epam.time.TimeFrontendApplicationTests], using SpringBootContextLoader
11:58:50.975 [main] DEBUG org.springframework.test.context.support.AbstractContextLoader - Did not detect default resource location for test class [com.epam.time.TimeFrontendApplicationTests]: class path resource [com/epam/time/TimeFrontendApplicationTests-context.xml] does not exist
11:58:50.975 [main] DEBUG org.springframework.test.context.support.AbstractContextLoader - Did not detect default resource location for test class [com.epam.time.TimeFrontendApplicationTests]: class path resource [com/epam/time/TimeFrontendApplicationTestsContext.groovy] does not exist
11:58:50.975 [main] INFO org.springframework.test.context.support.AbstractContextLoader - Could not detect default resource locations for test class [com.epam.time.TimeFrontendApplicationTests]: no resource found for suffixes {-context.xml, Context.groovy}.
11:58:50.976 [main] INFO org.springframework.test.context.support.AnnotationConfigContextLoaderUtils - Could not detect default configuration classes for test class [com.epam.time.TimeFrontendApplicationTests]: TimeFrontendApplicationTests does not declare any static, non-private, non-final, nested classes annotated with @Configuration.
11:58:50.980 [main] DEBUG org.springframework.test.context.support.ActiveProfilesUtils - Could not find an 'annotation declaring class' for annotation type [org.springframework.test.context.ActiveProfiles] and class [com.epam.time.TimeFrontendApplicationTests]
11:58:50.980 [main] DEBUG org.springframework.core.env.StandardEnvironment - Adding [systemProperties] PropertySource with lowest search precedence
11:58:50.981 [main] DEBUG org.springframework.core.env.StandardEnvironment - Adding [systemEnvironment] PropertySource with lowest search precedence
11:58:50.981 [main] DEBUG org.springframework.core.env.StandardEnvironment - Initialized StandardEnvironment with PropertySources [systemProperties,systemEnvironment]
11:58:50.981 [main] DEBUG org.springframework.core.io.support.PathMatchingResourcePatternResolver - Resolved classpath location [com/epam/time/] to resources [URL [file:/D:/TimePortal/CouponApp/target/test-classes/com/epam/time/]]
11:58:50.981 [main] DEBUG org.springframework.core.io.support.PathMatchingResourcePatternResolver - Looking for matching resources in directory tree [D:\TimePortal\CouponApp\target\test-classes\com\epam\time]
11:58:50.982 [main] DEBUG org.springframework.core.io.support.PathMatchingResourcePatternResolver - Searching directory [D:\TimePortal\CouponApp\target\test-classes\com\epam\time] for files matching pattern [D:/TimePortal/CouponApp/target/test-classes/com/epam/time/*.class]
11:58:50.983 [main] DEBUG org.springframework.core.io.support.PathMatchingResourcePatternResolver - Resolved location pattern [classpath*:com/epam/time/*.class] to resources [file [D:\TimePortal\CouponApp\target\test-classes\com\epam\time\TimeFrontendApplicationTests.class]]
11:58:50.984 [main] DEBUG org.springframework.core.io.support.PathMatchingResourcePatternResolver - Resolved classpath location [com/epam/] to resources [URL [file:/D:/TimePortal/CouponApp/target/test-classes/com/epam/], URL [file:/D:/TimePortal/CouponApp/target/classes/com/epam/]]
11:58:50.984 [main] DEBUG org.springframework.core.io.support.PathMatchingResourcePatternResolver - Looking for matching resources in directory tree [D:\TimePortal\CouponApp\target\test-classes\com\epam]
11:58:50.984 [main] DEBUG org.springframework.core.io.support.PathMatchingResourcePatternResolver - Searching directory [D:\TimePortal\CouponApp\target\test-classes\com\epam] for files matching pattern [D:/TimePortal/CouponApp/target/test-classes/com/epam/*.class]
11:58:50.985 [main] DEBUG org.springframework.core.io.support.PathMatchingResourcePatternResolver - Looking for matching resources in directory tree [D:\TimePortal\CouponApp\target\classes\com\epam]
11:58:50.985 [main] DEBUG org.springframework.core.io.support.PathMatchingResourcePatternResolver - Searching directory [D:\TimePortal\CouponApp\target\classes\com\epam] for files matching pattern [D:/TimePortal/CouponApp/target/classes/com/epam/*.class]
11:58:50.986 [main] DEBUG org.springframework.core.io.support.PathMatchingResourcePatternResolver - Resolved location pattern [classpath*:com/epam/*.class] to resources []
11:58:50.988 [main] DEBUG org.springframework.core.io.support.PathMatchingResourcePatternResolver - Resolved classpath location [com/] to resources [URL [file:/D:/TimePortal/CouponApp/target/test-classes/com/], URL [file:/D:/TimePortal/CouponApp/target/classes/com/], URL [jar:file:/C:/Users/sanjay_raikwar/.m2/repository/com/fasterxml/jackson/core/jackson-databind/2.8.9/jackson-databind-2.8.9.jar!/com/], URL [jar:file:/C:/Users/sanjay_raikwar/.m2/repository/com/fasterxml/jackson/core/jackson-annotations/2.8.0/jackson-annotations-2.8.0.jar!/com/], URL [jar:file:/C:/Users/sanjay_raikwar/.m2/repository/com/fasterxml/jackson/core/jackson-core/2.8.9/jackson-core-2.8.9.jar!/com/], URL [jar:file:/C:/Users/sanjay_raikwar/.m2/repository/com/jayway/jsonpath/json-path/2.2.0/json-path-2.2.0.jar!/com/], URL [jar:file:/C:/Users/sanjay_raikwar/.m2/repository/com/google/guava/guava/18.0/guava-18.0.jar!/com/], URL [jar:file:/C:/Users/sanjay_raikwar/.m2/repository/com/fasterxml/classmate/1.3.3/classmate-1.3.3.jar!/com/], URL [jar:file:/C:/Users/sanjay_raikwar/.m2/repository/com/couchbase/client/java-client/2.3.7/java-client-2.3.7.jar!/com/], URL [jar:file:/C:/Users/sanjay_raikwar/.m2/repository/com/couchbase/client/core-io/1.3.7/core-io-1.3.7.jar!/com/], URL [jar:file:/C:/Users/sanjay_raikwar/.m2/repository/com/netflix/eureka/eureka-client/1.4.12/eureka-client-1.4.12.jar!/com/], URL [jar:file:/C:/Users/sanjay_raikwar/.m2/repository/com/netflix/netflix-commons/netflix-eventbus/0.3.0/netflix-eventbus-0.3.0.jar!/com/], URL [jar:file:/C:/Users/sanjay_raikwar/.m2/repository/com/netflix/netflix-commons/netflix-infix/0.3.0/netflix-infix-0.3.0.jar!/com/], URL [jar:file:/C:/Users/sanjay_raikwar/.m2/repository/com/google/code/gson/gson/2.8.1/gson-2.8.1.jar!/com/], URL [jar:file:/C:/Users/sanjay_raikwar/.m2/repository/com/netflix/archaius/archaius-core/0.7.4/archaius-core-0.7.4.jar!/com/], URL [jar:file:/C:/Users/sanjay_raikwar/.m2/repository/com/netflix/servo/servo-core/0.10.1/servo-core-0.10.1.jar!/com/], URL [jar:file:/C:/Users/sanjay_raikwar/.m2/repository/com/netflix/servo/servo-internal/0.10.1/servo-internal-0.10.1.jar!/com/], URL [jar:file:/C:/Users/sanjay_raikwar/.m2/repository/com/sun/jersey/jersey-core/1.19.1/jersey-core-1.19.1.jar!/com/], URL [jar:file:/C:/Users/sanjay_raikwar/.m2/repository/com/sun/jersey/jersey-client/1.19.1/jersey-client-1.19.1.jar!/com/], URL [jar:file:/C:/Users/sanjay_raikwar/.m2/repository/com/sun/jersey/contribs/jersey-apache-client4/1.19.1/jersey-apache-client4-1.19.1.jar!/com/], URL [jar:file:/C:/Users/sanjay_raikwar/.m2/repository/com/google/inject/guice/4.0/guice-4.0.jar!/com/], URL [jar:file:/C:/Users/sanjay_raikwar/.m2/repository/com/netflix/governator/governator-api/1.12.10/governator-api-1.12.10.jar!/com/], URL [jar:file:/C:/Users/sanjay_raikwar/.m2/repository/com/netflix/eureka/eureka-core/1.4.12/eureka-core-1.4.12.jar!/com/], URL [jar:file:/C:/Users/sanjay_raikwar/.m2/repository/com/netflix/governator/governator/1.12.10/governator-1.12.10.jar!/com/], URL [jar:file:/C:/Users/sanjay_raikwar/.m2/repository/com/netflix/governator/governator-core/1.12.10/governator-core-1.12.10.jar!/com/], URL [jar:file:/C:/Users/sanjay_raikwar/.m2/repository/com/google/inject/extensions/guice-multibindings/4.0/guice-multibindings-4.0.jar!/com/], URL [jar:file:/C:/Users/sanjay_raikwar/.m2/repository/com/google/inject/extensions/guice-grapher/4.0/guice-grapher-4.0.jar!/com/], URL [jar:file:/C:/Users/sanjay_raikwar/.m2/repository/com/google/inject/extensions/guice-assistedinject/4.0/guice-assistedinject-4.0.jar!/com/], URL [jar:file:/C:/Users/sanjay_raikwar/.m2/repository/org/codehaus/woodstox/woodstox-core-asl/4.4.1/woodstox-core-asl-4.4.1.jar!/com/], URL [jar:file:/C:/Users/sanjay_raikwar/.m2/repository/com/netflix/ribbon/ribbon/2.2.0/ribbon-2.2.0.jar!/com/], URL [jar:file:/C:/Users/sanjay_raikwar/.m2/repository/com/netflix/ribbon/ribbon-transport/2.2.0/ribbon-transport-2.2.0.jar!/com/], URL [jar:file:/C:/Users/sanjay_raikwar/.m2/repository/io/reactivex/rxnetty-contexts/0.4.9/rxnetty-contexts-0.4.9.jar!/com/], URL [jar:file:/C:/Users/sanjay_raikwar/.m2/repository/com/netflix/hystrix/hystrix-core/1.5.6/hystrix-core-1.5.6.jar!/com/], URL [jar:file:/C:/Users/sanjay_raikwar/.m2/repository/com/netflix/ribbon/ribbon-core/2.2.0/ribbon-core-2.2.0.jar!/com/], URL [jar:file:/C:/Users/sanjay_raikwar/.m2/repository/com/netflix/ribbon/ribbon-httpclient/2.2.0/ribbon-httpclient-2.2.0.jar!/com/], URL [jar:file:/C:/Users/sanjay_raikwar/.m2/repository/com/netflix/netflix-commons/netflix-commons-util/0.1.1/netflix-commons-util-0.1.1.jar!/com/], URL [jar:file:/C:/Users/sanjay_raikwar/.m2/repository/com/netflix/ribbon/ribbon-loadbalancer/2.2.0/ribbon-loadbalancer-2.2.0.jar!/com/], URL [jar:file:/C:/Users/sanjay_raikwar/.m2/repository/com/netflix/netflix-commons/netflix-statistics/0.1.1/netflix-statistics-0.1.1.jar!/com/], URL [jar:file:/C:/Users/sanjay_raikwar/.m2/repository/com/netflix/ribbon/ribbon-eureka/2.2.0/ribbon-eureka-2.2.0.jar!/com/], URL [jar:file:/C:/Users/sanjay_raikwar/.m2/repository/com/thoughtworks/xstream/xstream/1.4.9/xstream-1.4.9.jar!/com/]]
11:58:50.988 [main] DEBUG org.springframework.core.io.support.PathMatchingResourcePatternResolver - Looking for matching resources in directory tree [D:\TimePortal\CouponApp\target\test-classes\com]
11:58:50.988 [main] DEBUG org.springframework.core.io.support.PathMatchingResourcePatternResolver - Searching directory [D:\TimePortal\CouponApp\target\test-classes\com] for files matching pattern [D:/TimePortal/CouponApp/target/test-classes/com/*.class]
11:58:50.989 [main] DEBUG org.springframework.core.io.support.PathMatchingResourcePatternResolver - Looking for matching resources in directory tree [D:\TimePortal\CouponApp\target\classes\com]
11:58:50.989 [main] DEBUG org.springframework.core.io.support.PathMatchingResourcePatternResolver - Searching directory [D:\TimePortal\CouponApp\target\classes\com] for files matching pattern [D:/TimePortal/CouponApp/target/classes/com/*.class]
11:58:50.989 [main] DEBUG org.springframework.core.io.support.PathMatchingResourcePatternResolver - Looking for matching resources in jar file [file:/C:/Users/sanjay_raikwar/.m2/repository/com/fasterxml/jackson/core/jackson-databind/2.8.9/jackson-databind-2.8.9.jar]
11:58:50.994 [main] DEBUG org.springframework.core.io.support.PathMatchingResourcePatternResolver - Looking for matching resources in jar file [file:/C:/Users/sanjay_raikwar/.m2/repository/com/fasterxml/jackson/core/jackson-annotations/2.8.0/jackson-annotations-2.8.0.jar]
11:58:50.994 [main] DEBUG org.springframework.core.io.support.PathMatchingResourcePatternResolver - Looking for matching resources in jar file [file:/C:/Users/sanjay_raikwar/.m2/repository/com/fasterxml/jackson/core/jackson-core/2.8.9/jackson-core-2.8.9.jar]
11:58:50.995 [main] DEBUG org.springframework.core.io.support.PathMatchingResourcePatternResolver - Looking for matching resources in jar file [file:/C:/Users/sanjay_raikwar/.m2/repository/com/jayway/jsonpath/json-path/2.2.0/json-path-2.2.0.jar]
11:58:50.996 [main] DEBUG org.springframework.core.io.support.PathMatchingResourcePatternResolver - Looking for matching resources in jar file [file:/C:/Users/sanjay_raikwar/.m2/repository/com/google/guava/guava/18.0/guava-18.0.jar]
11:58:51.002 [main] DEBUG org.springframework.core.io.support.PathMatchingResourcePatternResolver - Looking for matching resources in jar file [file:/C:/Users/sanjay_raikwar/.m2/repository/com/fasterxml/classmate/1.3.3/classmate-1.3.3.jar]
11:58:51.002 [main] DEBUG org.springframework.core.io.support.PathMatchingResourcePatternResolver - Looking for matching resources in jar file [file:/C:/Users/sanjay_raikwar/.m2/repository/com/couchbase/client/java-client/2.3.7/java-client-2.3.7.jar]
11:58:51.004 [main] DEBUG org.springframework.core.io.support.PathMatchingResourcePatternResolver - Looking for matching resources in jar file [file:/C:/Users/sanjay_raikwar/.m2/repository/com/couchbase/client/core-io/1.3.7/core-io-1.3.7.jar]
11:58:51.014 [main] DEBUG org.springframework.core.io.support.PathMatchingResourcePatternResolver - Looking for matching resources in jar file [file:/C:/Users/sanjay_raikwar/.m2/repository/com/netflix/eureka/eureka-client/1.4.12/eureka-client-1.4.12.jar]
11:58:51.015 [main] DEBUG org.springframework.core.io.support.PathMatchingResourcePatternResolver - Looking for matching resources in jar file [file:/C:/Users/sanjay_raikwar/.m2/repository/com/netflix/netflix-commons/netflix-eventbus/0.3.0/netflix-eventbus-0.3.0.jar]
11:58:51.015 [main] DEBUG org.springframework.core.io.support.PathMatchingResourcePatternResolver - Looking for matching resources in jar file [file:/C:/Users/sanjay_raikwar/.m2/repository/com/netflix/netflix-commons/netflix-infix/0.3.0/netflix-infix-0.3.0.jar]
11:58:51.015 [main] DEBUG org.springframework.core.io.support.PathMatchingResourcePatternResolver - Looking for matching resources in jar file [file:/C:/Users/sanjay_raikwar/.m2/repository/com/google/code/gson/gson/2.8.1/gson-2.8.1.jar]
11:58:51.016 [main] DEBUG org.springframework.core.io.support.PathMatchingResourcePatternResolver - Looking for matching resources in jar file [file:/C:/Users/sanjay_raikwar/.m2/repository/com/netflix/archaius/archaius-core/0.7.4/archaius-core-0.7.4.jar]
11:58:51.016 [main] DEBUG org.springframework.core.io.support.PathMatchingResourcePatternResolver - Looking for matching resources in jar file [file:/C:/Users/sanjay_raikwar/.m2/repository/com/netflix/servo/servo-core/0.10.1/servo-core-0.10.1.jar]
11:58:51.017 [main] DEBUG org.springframework.core.io.support.PathMatchingResourcePatternResolver - Looking for matching resources in jar file [file:/C:/Users/sanjay_raikwar/.m2/repository/com/netflix/servo/servo-internal/0.10.1/servo-internal-0.10.1.jar]
11:58:51.017 [main] DEBUG org.springframework.core.io.support.PathMatchingResourcePatternResolver - Looking for matching resources in jar file [file:/C:/Users/sanjay_raikwar/.m2/repository/com/sun/jersey/jersey-core/1.19.1/jersey-core-1.19.1.jar]
11:58:51.018 [main] DEBUG org.springframework.core.io.support.PathMatchingResourcePatternResolver - Looking for matching resources in jar file [file:/C:/Users/sanjay_raikwar/.m2/repository/com/sun/jersey/jersey-client/1.19.1/jersey-client-1.19.1.jar]
11:58:51.018 [main] DEBUG org.springframework.core.io.support.PathMatchingResourcePatternResolver - Looking for matching resources in jar file [file:/C:/Users/sanjay_raikwar/.m2/repository/com/sun/jersey/contribs/jersey-apache-client4/1.19.1/jersey-apache-client4-1.19.1.jar]
11:58:51.018 [main] DEBUG org.springframework.core.io.support.PathMatchingResourcePatternResolver - Looking for matching resources in jar file [file:/C:/Users/sanjay_raikwar/.m2/repository/com/google/inject/guice/4.0/guice-4.0.jar]
11:58:51.019 [main] DEBUG org.springframework.core.io.support.PathMatchingResourcePatternResolver - Looking for matching resources in jar file [file:/C:/Users/sanjay_raikwar/.m2/repository/com/netflix/governator/governator-api/1.12.10/governator-api-1.12.10.jar]
11:58:51.019 [main] DEBUG org.springframework.core.io.support.PathMatchingResourcePatternResolver - Looking for matching resources in jar file [file:/C:/Users/sanjay_raikwar/.m2/repository/com/netflix/eureka/eureka-core/1.4.12/eureka-core-1.4.12.jar]
11:58:51.020 [main] DEBUG org.springframework.core.io.support.PathMatchingResourcePatternResolver - Looking for matching resources in jar file [file:/C:/Users/sanjay_raikwar/.m2/repository/com/netflix/governator/governator/1.12.10/governator-1.12.10.jar]
11:58:51.021 [main] DEBUG org.springframework.core.io.support.PathMatchingResourcePatternResolver - Looking for matching resources in jar file [file:/C:/Users/sanjay_raikwar/.m2/repository/com/netflix/governator/governator-core/1.12.10/governator-core-1.12.10.jar]
11:58:51.021 [main] DEBUG org.springframework.core.io.support.PathMatchingResourcePatternResolver - Looking for matching resources in jar file [file:/C:/Users/sanjay_raikwar/.m2/repository/com/google/inject/extensions/guice-multibindings/4.0/guice-multibindings-4.0.jar]
11:58:51.021 [main] DEBUG org.springframework.core.io.support.PathMatchingResourcePatternResolver - Looking for matching resources in jar file [file:/C:/Users/sanjay_raikwar/.m2/repository/com/google/inject/extensions/guice-grapher/4.0/guice-grapher-4.0.jar]
11:58:51.022 [main] DEBUG org.springframework.core.io.support.PathMatchingResourcePatternResolver - Looking for matching resources in jar file [file:/C:/Users/sanjay_raikwar/.m2/repository/com/google/inject/extensions/guice-assistedinject/4.0/guice-assistedinject-4.0.jar]
11:58:51.022 [main] DEBUG org.springframework.core.io.support.PathMatchingResourcePatternResolver - Looking for matching resources in jar file [file:/C:/Users/sanjay_raikwar/.m2/repository/org/codehaus/woodstox/woodstox-core-asl/4.4.1/woodstox-core-asl-4.4.1.jar]
11:58:51.023 [main] DEBUG org.springframework.core.io.support.PathMatchingResourcePatternResolver - Looking for matching resources in jar file [file:/C:/Users/sanjay_raikwar/.m2/repository/com/netflix/ribbon/ribbon/2.2.0/ribbon-2.2.0.jar]
11:58:51.023 [main] DEBUG org.springframework.core.io.support.PathMatchingResourcePatternResolver - Looking for matching resources in jar file [file:/C:/Users/sanjay_raikwar/.m2/repository/com/netflix/ribbon/ribbon-transport/2.2.0/ribbon-transport-2.2.0.jar]
11:58:51.023 [main] DEBUG org.springframework.core.io.support.PathMatchingResourcePatternResolver - Looking for matching resources in jar file [file:/C:/Users/sanjay_raikwar/.m2/repository/io/reactivex/rxnetty-contexts/0.4.9/rxnetty-contexts-0.4.9.jar]
11:58:51.023 [main] DEBUG org.springframework.core.io.support.PathMatchingResourcePatternResolver - Looking for matching resources in jar file [file:/C:/Users/sanjay_raikwar/.m2/repository/com/netflix/hystrix/hystrix-core/1.5.6/hystrix-core-1.5.6.jar]
11:58:51.024 [main] DEBUG org.springframework.core.io.support.PathMatchingResourcePatternResolver - Looking for matching resources in jar file [file:/C:/Users/sanjay_raikwar/.m2/repository/com/netflix/ribbon/ribbon-core/2.2.0/ribbon-core-2.2.0.jar]
11:58:51.024 [main] DEBUG org.springframework.core.io.support.PathMatchingResourcePatternResolver - Looking for matching resources in jar file [file:/C:/Users/sanjay_raikwar/.m2/repository/com/netflix/ribbon/ribbon-httpclient/2.2.0/ribbon-httpclient-2.2.0.jar]
11:58:51.025 [main] DEBUG org.springframework.core.io.support.PathMatchingResourcePatternResolver - Looking for matching resources in jar file [file:/C:/Users/sanjay_raikwar/.m2/repository/com/netflix/netflix-commons/netflix-commons-util/0.1.1/netflix-commons-util-0.1.1.jar]
11:58:51.025 [main] DEBUG org.springframework.core.io.support.PathMatchingResourcePatternResolver - Looking for matching resources in jar file [file:/C:/Users/sanjay_raikwar/.m2/repository/com/netflix/ribbon/ribbon-loadbalancer/2.2.0/ribbon-loadbalancer-2.2.0.jar]
11:58:51.025 [main] DEBUG org.springframework.core.io.support.PathMatchingResourcePatternResolver - Looking for matching resources in jar file [file:/C:/Users/sanjay_raikwar/.m2/repository/com/netflix/netflix-commons/netflix-statistics/0.1.1/netflix-statistics-0.1.1.jar]
11:58:51.025 [main] DEBUG org.springframework.core.io.support.PathMatchingResourcePatternResolver - Looking for matching resources in jar file [file:/C:/Users/sanjay_raikwar/.m2/repository/com/netflix/ribbon/ribbon-eureka/2.2.0/ribbon-eureka-2.2.0.jar]
11:58:51.026 [main] DEBUG org.springframework.core.io.support.PathMatchingResourcePatternResolver - Looking for matching resources in jar file [file:/C:/Users/sanjay_raikwar/.m2/repository/com/thoughtworks/xstream/xstream/1.4.9/xstream-1.4.9.jar]
11:58:51.026 [main] DEBUG org.springframework.core.io.support.PathMatchingResourcePatternResolver - Resolved location pattern [classpath*:com/*.class] to resources []
]]></system-out>
  </testcase>
</testsuite>